<?xml version="1.0" encoding="UTF-8"?>
<!-- Generated by org.testng.reporters.JUnitXMLReporter -->
<testsuite ignored="1" hostname="DESKTOP-78NQA47" failures="0" tests="3" name="ios" time="0.057" errors="0" timestamp="2023-11-18T12:06:50 IST">
  <testcase classname="day38.pack.Tc01" name="testLogin2" time="0.005"/>
  <testcase classname="day38.pack.Tc02" name="testLogin3" time="0.004"/>
  <testcase classname="day38.pack.Tc02" name="testLogin4" time="0.004"/>
  <testcase classname="day38.pack.Tc01" name="testLogin1" time="0.0">
    <ignored/>
  </testcase> <!-- testLogin1 -->
</testsuite> <!-- ios -->
