<?xml version="1.0" encoding="UTF-8"?>
<!-- Generated by org.testng.reporters.JUnitXMLReporter -->
<testsuite ignored="0" hostname="DESKTOP-78NQA47" failures="0" tests="4" name="Test2" time="0.075" errors="0" timestamp="2023-11-18T11:51:51 IST">
  <testcase classname="day38.pack.Tc01" name="testLogin1" time="0.006"/>
  <testcase classname="day38.pack.Tc01" name="testLogin2" time="0.009"/>
  <testcase classname="day38.pack.Tc02" name="testLogin3" time="0.004"/>
  <testcase classname="day38.pack.Tc02" name="testLogin4" time="0.004"/>
</testsuite> <!-- Test2 -->
