<?xml version="1.0" encoding="UTF-8"?>
<testng-results ignored="0" total="2" passed="2" failed="0" skipped="0">
  <reporter-output>
  </reporter-output>
  <suite started-at="2023-12-18T09:05:06 IST" name="Default suite" finished-at="2023-12-18T09:05:06 IST" duration-ms="86">
    <groups>
    </groups>
    <test started-at="2023-12-18T09:05:06 IST" name="Default test" finished-at="2023-12-18T09:05:06 IST" duration-ms="86">
      <class name="day43Dataprovider.Dataproviderdemo">
        <test-method signature="logintest(java.lang.String,java.lang.String)[pri:0, instance:day43Dataprovider.Dataproviderdemo@661972b0]" started-at="2023-12-18T09:05:06 IST" name="logintest" data-provider="testdata" finished-at="2023-12-18T09:05:06 IST" duration-ms="12" status="PASS">
          <params>
            <param index="0">
              <value>
                <![CDATA[username1]]>
              </value>
            </param>
            <param index="1">
              <value>
                <![CDATA[password1]]>
              </value>
            </param>
          </params>
          <reporter-output>
          </reporter-output>
        </test-method> <!-- logintest -->
        <test-method signature="logintest(java.lang.String,java.lang.String)[pri:0, instance:day43Dataprovider.Dataproviderdemo@661972b0]" started-at="2023-12-18T09:05:06 IST" name="logintest" data-provider="testdata" finished-at="2023-12-18T09:05:06 IST" duration-ms="4" status="PASS">
          <params>
            <param index="0">
              <value>
                <![CDATA[username2]]>
              </value>
            </param>
            <param index="1">
              <value>
                <![CDATA[passwrod2]]>
              </value>
            </param>
          </params>
          <reporter-output>
          </reporter-output>
        </test-method> <!-- logintest -->
      </class> <!-- day43Dataprovider.Dataproviderdemo -->
    </test> <!-- Default test -->
  </suite> <!-- Default suite -->
</testng-results>
